
Run     SWR     Gain    F/B     F/R     R-a     X-a     Eff.    %Res.   %Stp  ref     dri     dir     

1-0     1.1255  7.19    8.97    8.97    44.663  1.6607  99.59   0    	0    	1       0.943   0.6962  
1       1.1183  7.18    9.08    9.08    44.983  1.7298  99.59   5.e-3	0.1  	1.001   0.943   0.6962  
1       1.1297  7.19    8.96    8.96    44.8    2.5158  99.59   -8e-4	0.1  	1       0.9439  0.6962  
1       1.126   7.19    8.97    8.97    44.639  1.6576  99.59   -5e-4	0.1  	1       0.943   0.6969  
1-1                                                                           2.3865  -0.367  -0.246  

1-2     2.1603  4.98    6.55    3.7     58.113  -41.77  99.77   -0.96	10   	1.2386  0.9083  0.679   
2       1.1183  7.18    9.08    9.08    44.983  1.7298  99.59   5.e-3	0.1  	1.001   0.943   0.6962  
2       1.1297  7.19    8.96    8.96    44.8    2.5158  99.59   -8e-4	0.1  	1       0.9439  0.6962  
2       1.126   7.19    8.97    8.97    44.639  1.6576  99.59   -5e-4	0.1  	1       0.943   0.6969  
2-1                                                                           2.3865  -0.367  -0.246  

2-2     1.1681  6.46    11.15   6.46    55.272  -6.248  99.69   -0.16	2    	1.0477  0.936   0.6927  
3       1.1183  7.18    9.08    9.08    44.983  1.7298  99.59   5.e-3	0.1  	1.001   0.943   0.6962  
3       1.1297  7.19    8.96    8.96    44.8    2.5158  99.59   -8e-4	0.1  	1       0.9439  0.6962  
3       1.126   7.19    8.97    8.97    44.639  1.6576  99.59   -5e-4	0.1  	1       0.943   0.6969  
3-1                                                                           2.3865  -0.367  -0.246  

3-2     1.0567  7.06    9.97    8.56    47.436  0.8002  99.62   0.038	0.4  	1.0095  0.9416  0.6955  
3-3     1.0113  6.91    10.7    7.88    49.936  -0.557  99.64   0.02 	0.4  	1.0192  0.9402  0.6948  
3-4     1.0625  6.76    11.12   7.32    52.103  -2.273  99.66   -0.07	0.4  	1.0289  0.9388  0.6941  
4       1.0121  6.9     10.75   7.83    50.149  -0.584  99.64   -3e-3	0.08 	1.02    0.9402  0.6948  
4       1.0028  6.92    10.7    7.89    50.059  0.1251  99.64   6.e-3	0.08 	1.0192  0.9409  0.6948  
4       1.0113  6.92    10.71   7.89    49.916  -0.557  99.64   2.e-3	0.08 	1.0192  0.9402  0.6953  
4-1                                                                           -0.857  1.6909  0.4516  

4-2     1.0054  6.92    10.69   7.9     49.94   -0.263  99.64   5.e-3	0.02 	1.019   0.9405  0.6948  
4-3     1.0013  6.92    10.68   7.91    49.943  0.0306  99.64   2.e-3	0.02 	1.0188  0.9408  0.6949  
4-4     1.0066  6.92    10.66   7.91    49.947  0.3244  99.64   -3e-3	0.02 	1.0187  0.9411  0.695   
5       1.0064  6.92    10.68   7.9     50.001  0.3183  99.64   6.e-4	0.02 	1.0189  0.9411  0.695   
5       1.01    6.92    10.66   7.91    49.978  0.4955  99.64   -1e-3	0.02 	1.0187  0.9413  0.695   
5       1.0066  6.92    10.66   7.92    49.942  0.3243  99.64   -6e-5	0.02 	1.0187  0.9411  0.6951  
5-1                                                                           0.9119  -2.006  -0.082  

5-2     1.0049  6.92    10.67   7.91    49.944  0.2377  99.64   8.e-4	5.e-3	1.0187  0.941   0.695   
